This file contains any messages produced by compilers while
running configure, to aid debugging if configure makes a mistake.

It was created by XTide configure 2.15.3, which was
generated by GNU Autoconf 2.69.  Invocation command line was

  $ ./configure 

## --------- ##
## Platform. ##
## --------- ##

hostname = MSI
uname -m = x86_64
uname -r = 5.10.16.3-microsoft-standard-WSL2
uname -s = Linux
uname -v = #1 SMP Fri Apr 2 22:23:49 UTC 2021

/usr/bin/uname -p = unknown
/bin/uname -X     = unknown

/bin/arch              = x86_64
/usr/bin/arch -k       = unknown
/usr/convex/getsysinfo = unknown
/usr/bin/hostinfo      = unknown
/bin/machine           = unknown
/usr/bin/oslevel       = unknown
/bin/universe          = unknown

PATH: /home/smonzon/.vscode-server/bin/899d46d82c4c95423fb7e10e68eba52050e30ba3/bin
PATH: /usr/local/sbin
PATH: /usr/local/bin
PATH: /usr/sbin
PATH: /usr/bin
PATH: /sbin
PATH: /bin
PATH: /usr/games
PATH: /usr/local/games
PATH: /usr/lib/wsl/lib
PATH: /mnt/c/Python310/Scripts/
PATH: /mnt/c/Python310/
PATH: /mnt/c/Program Files (x86)/Razer Chroma SDK/bin
PATH: /mnt/c/Program Files/Razer Chroma SDK/bin
PATH: /mnt/c/Program Files (x86)/Common Files/Intel/Shared Libraries/redist/intel64_win/compiler
PATH: /mnt/c/Python38/Scripts/
PATH: /mnt/c/Python38/
PATH: /mnt/c/Python27/
PATH: /mnt/c/Python27/Scripts
PATH: /mnt/c/Program Files (x86)/Common Files/Oracle/Java/javapath
PATH: /mnt/c/Program Files (x86)/Intel/Intel(R) Management Engine Components/iCLS/
PATH: /mnt/c/Program Files/Intel/Intel(R) Management Engine Components/iCLS/
PATH: /mnt/c/Windows/system32
PATH: /mnt/c/Windows
PATH: /mnt/c/Windows/System32/Wbem
PATH: /mnt/c/Windows/System32/WindowsPowerShell/v1.0/
PATH: /mnt/c/Windows/System32/OpenSSH/
PATH: /mnt/c/Program Files (x86)/Intel/Intel(R) Management Engine Components/DAL
PATH: /mnt/c/Program Files/Intel/Intel(R) Management Engine Components/DAL
PATH: /mnt/c/Program Files (x86)/Intel/Intel(R) Management Engine Components/IPT
PATH: /mnt/c/Program Files/Intel/Intel(R) Management Engine Components/IPT
PATH: /mnt/c/Program Files (x86)/NVIDIA Corporation/PhysX/Common
PATH: /mnt/c/WINDOWS/system32
PATH: /mnt/c/WINDOWS
PATH: /mnt/c/WINDOWS/System32/Wbem
PATH: /mnt/c/WINDOWS/System32/WindowsPowerShell/v1.0/
PATH: /mnt/c/WINDOWS/System32/OpenSSH/
PATH: /mnt/c/Program Files/PuTTY/
PATH: /mnt/c/Program Files/dotnet/
PATH: /mnt/c/ProgramData/chocolatey/bin
PATH: /mnt/c/Program Files/CMake/bin
PATH: /mnt/c/Program Files/MySQL/MySQL Shell 8.0/bin/
PATH: /mnt/c/Users/smonz/AppData/Local/Programs/Python/Python38-32/Scripts/
PATH: /mnt/c/Users/smonz/AppData/Local/Programs/Python/Python38-32/
PATH: /mnt/c/Program Files/JetBrains/PyCharm Community Edition 2019.3.1/bin
PATH: /mnt/c/Users/smonz/AppData/Local/Programs/Microsoft VS Code/bin
PATH: /mnt/c/Users/smonz/.dotnet/tools
PATH: /mnt/c/Users/smonz/AppData/Local/atom/bin
PATH: /mnt/c/Users/smonz/AppData/Local/Microsoft/WindowsApps
PATH: /mnt/c/Users/smonz/AppData/Local/GitHubDesktop/bin
PATH: /mnt/c/Users/smonz/AppData/Roaming/npm
PATH: /mnt/c/Program Files/NVIDIA Corporation/NVIDIA NvDLISR
PATH: /mnt/c/WINDOWS/system32
PATH: /mnt/c/WINDOWS
PATH: /mnt/c/WINDOWS/System32/Wbem
PATH: /mnt/c/WINDOWS/System32/WindowsPowerShell/v1.0/
PATH: /mnt/c/WINDOWS/System32/OpenSSH/
PATH: /mnt/c/xampp/php
PATH: /mnt/c/composer
PATH: /mnt/c/Program Files/Git/cmd
PATH: /mnt/c/Program Files/MATLAB/R2021a/bin
PATH: /mnt/c/Program Files/Docker/Docker/resources/bin
PATH: /mnt/c/ProgramData/DockerDesktop/version-bin
PATH: /mnt/c/Program Files/nodejs/
PATH: /mnt/c/Program Files/MySQL/MySQL Shell 8.0/bin/
PATH: /mnt/c/Users/smonz/AppData/Local/Programs/Python/Python38-32/Scripts/
PATH: /mnt/c/Users/smonz/AppData/Local/Programs/Python/Python38-32/
PATH: /mnt/c/Program Files/JetBrains/PyCharm Community Edition 2019.3.1/bin
PATH: /mnt/c/Users/smonz/AppData/Local/Programs/Microsoft VS Code/bin
PATH: /mnt/c/Users/smonz/.dotnet/tools
PATH: /mnt/c/Users/smonz/AppData/Local/atom/bin
PATH: /mnt/c/Users/smonz/AppData/Local/Microsoft/WindowsApps
PATH: /mnt/c/Users/smonz/AppData/Local/GitHubDesktop/bin
PATH: /mnt/c/Users/smonz/.dotnet/tools
PATH: /mnt/c/Program Files (x86)/Nmap
PATH: /mnt/c/Users/smonz/AppData/Local/Microsoft/WindowsApps
PATH: /mnt/c/Users/smonz/AppData/Roaming/Composer/vendor/bin
PATH: /mnt/c/Users/smonz/AppData/Roaming/npm


## ----------- ##
## Core tests. ##
## ----------- ##

configure:2703: checking for a BSD-compatible install
configure:2771: result: /usr/bin/install -c
configure:2782: checking whether build environment is sane
configure:2837: result: yes
configure:2988: checking for a thread-safe mkdir -p
configure:3027: result: /usr/bin/mkdir -p
configure:3034: checking for gawk
configure:3064: result: no
configure:3034: checking for mawk
configure:3050: found /usr/bin/mawk
configure:3061: result: mawk
configure:3072: checking whether make sets $(MAKE)
configure:3094: result: yes
configure:3123: checking whether make supports nested variables
configure:3140: result: yes
configure:3331: checking for g++
configure:3347: found /usr/bin/g++
configure:3358: result: g++
configure:3385: checking for C++ compiler version
configure:3394: g++ --version >&5
g++ (Debian 10.2.0-16) 10.2.0
Copyright (C) 2020 Free Software Foundation, Inc.
This is free software; see the source for copying conditions.  There is NO
warranty; not even for MERCHANTABILITY or FITNESS FOR A PARTICULAR PURPOSE.

configure:3405: $? = 0
configure:3394: g++ -v >&5
Using built-in specs.
COLLECT_GCC=g++
COLLECT_LTO_WRAPPER=/usr/lib/gcc/x86_64-linux-gnu/10/lto-wrapper
OFFLOAD_TARGET_NAMES=nvptx-none:amdgcn-amdhsa:hsa
OFFLOAD_TARGET_DEFAULT=1
Target: x86_64-linux-gnu
Configured with: ../src/configure -v --with-pkgversion='Debian 10.2.0-16' --with-bugurl=file:///usr/share/doc/gcc-10/README.Bugs --enable-languages=c,ada,c++,go,brig,d,fortran,objc,obj-c++,m2 --prefix=/usr --with-gcc-major-version-only --program-suffix=-10 --program-prefix=x86_64-linux-gnu- --enable-shared --enable-linker-build-id --libexecdir=/usr/lib --without-included-gettext --enable-threads=posix --libdir=/usr/lib --enable-nls --enable-clocale=gnu --enable-libstdcxx-debug --enable-libstdcxx-time=yes --with-default-libstdcxx-abi=new --enable-gnu-unique-object --disable-vtable-verify --enable-plugin --enable-default-pie --with-system-zlib --enable-libphobos-checking=release --with-target-system-zlib=auto --enable-objc-gc=auto --enable-multiarch --disable-werror --with-arch-32=i686 --with-abi=m64 --with-multilib-list=m32,m64,mx32 --enable-multilib --with-tune=generic --enable-offload-targets=nvptx-none=/build/gcc-10-YRn5ue/gcc-10-10.2.0/debian/tmp-nvptx/usr,amdgcn-amdhsa=/build/gcc-10-YRn5ue/gcc-10-10.2.0/debian/tmp-gcn/usr,hsa --without-cuda-driver --enable-checking=yes,extra,rtl --build=x86_64-linux-gnu --host=x86_64-linux-gnu --target=x86_64-linux-gnu
Thread model: posix
Supported LTO compression algorithms: zlib zstd
gcc version 10.2.0 (Debian 10.2.0-16) 
... rest of stderr output deleted ...
configure:3405: $? = 0
configure:3394: g++ -V >&5
g++: error: unrecognized command-line option '-V'
g++: fatal error: no input files
compilation terminated.
configure:3405: $? = 1
configure:3394: g++ -qversion >&5
g++: error: unrecognized command-line option '-qversion'; did you mean '--version'?
g++: fatal error: no input files
compilation terminated.
configure:3405: $? = 1
configure:3425: checking whether the C++ compiler works
configure:3447: g++    conftest.cpp  >&5
configure:3451: $? = 0
configure:3499: result: yes
configure:3502: checking for C++ compiler default output file name
configure:3504: result: a.out
configure:3510: checking for suffix of executables
configure:3517: g++ -o conftest    conftest.cpp  >&5
configure:3521: $? = 0
configure:3543: result: 
configure:3565: checking whether we are cross compiling
configure:3573: g++ -o conftest    conftest.cpp  >&5
configure:3577: $? = 0
configure:3584: ./conftest
configure:3588: $? = 0
configure:3603: result: no
configure:3608: checking for suffix of object files
configure:3630: g++ -c   conftest.cpp >&5
configure:3634: $? = 0
configure:3655: result: o
configure:3659: checking whether we are using the GNU C++ compiler
configure:3678: g++ -c   conftest.cpp >&5
configure:3678: $? = 0
configure:3687: result: yes
configure:3696: checking whether g++ accepts -g
configure:3716: g++ -c -g  conftest.cpp >&5
configure:3716: $? = 0
configure:3757: result: yes
configure:3791: checking for style of include used by make
configure:3819: result: GNU
configure:3845: checking dependency style of g++
configure:3956: result: gcc3
configure:3976: checking for flex
configure:4006: result: no
configure:3976: checking for lex
configure:4006: result: no
configure:4138: checking for bison
configure:4168: result: no
configure:4138: checking for byacc
configure:4168: result: no
configure:4225: checking for gcc
configure:4241: found /usr/bin/gcc
configure:4252: result: gcc
configure:4481: checking for C compiler version
configure:4490: gcc --version >&5
gcc (Debian 10.2.0-16) 10.2.0
Copyright (C) 2020 Free Software Foundation, Inc.
This is free software; see the source for copying conditions.  There is NO
warranty; not even for MERCHANTABILITY or FITNESS FOR A PARTICULAR PURPOSE.

configure:4501: $? = 0
configure:4490: gcc -v >&5
Using built-in specs.
COLLECT_GCC=gcc
COLLECT_LTO_WRAPPER=/usr/lib/gcc/x86_64-linux-gnu/10/lto-wrapper
OFFLOAD_TARGET_NAMES=nvptx-none:amdgcn-amdhsa:hsa
OFFLOAD_TARGET_DEFAULT=1
Target: x86_64-linux-gnu
Configured with: ../src/configure -v --with-pkgversion='Debian 10.2.0-16' --with-bugurl=file:///usr/share/doc/gcc-10/README.Bugs --enable-languages=c,ada,c++,go,brig,d,fortran,objc,obj-c++,m2 --prefix=/usr --with-gcc-major-version-only --program-suffix=-10 --program-prefix=x86_64-linux-gnu- --enable-shared --enable-linker-build-id --libexecdir=/usr/lib --without-included-gettext --enable-threads=posix --libdir=/usr/lib --enable-nls --enable-clocale=gnu --enable-libstdcxx-debug --enable-libstdcxx-time=yes --with-default-libstdcxx-abi=new --enable-gnu-unique-object --disable-vtable-verify --enable-plugin --enable-default-pie --with-system-zlib --enable-libphobos-checking=release --with-target-system-zlib=auto --enable-objc-gc=auto --enable-multiarch --disable-werror --with-arch-32=i686 --with-abi=m64 --with-multilib-list=m32,m64,mx32 --enable-multilib --with-tune=generic --enable-offload-targets=nvptx-none=/build/gcc-10-YRn5ue/gcc-10-10.2.0/debian/tmp-nvptx/usr,amdgcn-amdhsa=/build/gcc-10-YRn5ue/gcc-10-10.2.0/debian/tmp-gcn/usr,hsa --without-cuda-driver --enable-checking=yes,extra,rtl --build=x86_64-linux-gnu --host=x86_64-linux-gnu --target=x86_64-linux-gnu
Thread model: posix
Supported LTO compression algorithms: zlib zstd
gcc version 10.2.0 (Debian 10.2.0-16) 
... rest of stderr output deleted ...
configure:4501: $? = 0
configure:4490: gcc -V >&5
gcc: error: unrecognized command-line option '-V'
gcc: fatal error: no input files
compilation terminated.
configure:4501: $? = 1
configure:4490: gcc -qversion >&5
gcc: error: unrecognized command-line option '-qversion'; did you mean '--version'?
gcc: fatal error: no input files
compilation terminated.
configure:4501: $? = 1
configure:4505: checking whether we are using the GNU C compiler
configure:4524: gcc -c   conftest.c >&5
configure:4524: $? = 0
configure:4533: result: yes
configure:4542: checking whether gcc accepts -g
configure:4562: gcc -c -g  conftest.c >&5
configure:4562: $? = 0
configure:4603: result: yes
configure:4620: checking for gcc option to accept ISO C89
configure:4683: gcc  -c -g -O2  conftest.c >&5
configure:4683: $? = 0
configure:4696: result: none needed
configure:4721: checking whether gcc understands -c and -o together
configure:4743: gcc -c conftest.c -o conftest2.o
configure:4746: $? = 0
configure:4743: gcc -c conftest.c -o conftest2.o
configure:4746: $? = 0
configure:4758: result: yes
configure:4777: checking dependency style of gcc
configure:4888: result: gcc3
configure:4953: checking for ar
configure:4969: found /usr/bin/ar
configure:4980: result: ar
configure:5006: checking the archiver (ar) interface
configure:5022: gcc -c -g -O2  conftest.c >&5
configure:5022: $? = 0
configure:5024: ar cru libconftest.a conftest.o >&5
ar: `u' modifier ignored since `D' is the default (see `U')
configure:5027: $? = 0
configure:5055: result: ar
configure:5104: checking build system type
configure:5118: result: x86_64-unknown-linux-gnu
configure:5138: checking host system type
configure:5151: result: x86_64-unknown-linux-gnu
configure:5192: checking how to print strings
configure:5219: result: printf
configure:5240: checking for a sed that does not truncate output
configure:5304: result: /usr/bin/sed
configure:5322: checking for grep that handles long lines and -e
configure:5380: result: /usr/bin/grep
configure:5385: checking for egrep
configure:5447: result: /usr/bin/grep -E
configure:5452: checking for fgrep
configure:5514: result: /usr/bin/grep -F
configure:5549: checking for ld used by gcc
configure:5616: result: /usr/bin/ld
configure:5623: checking if the linker (/usr/bin/ld) is GNU ld
configure:5638: result: yes
configure:5650: checking for BSD- or MS-compatible name lister (nm)
configure:5704: result: /usr/bin/nm -B
configure:5834: checking the name lister (/usr/bin/nm -B) interface
configure:5841: g++ -c -g -O2  conftest.cpp >&5
configure:5844: /usr/bin/nm -B "conftest.o"
configure:5847: output
0000000000000000 B some_variable
configure:5854: result: BSD nm
configure:5857: checking whether ln -s works
configure:5861: result: yes
configure:5869: checking the maximum length of command line arguments
configure:6000: result: 1572864
configure:6048: checking how to convert x86_64-unknown-linux-gnu file names to x86_64-unknown-linux-gnu format
configure:6088: result: func_convert_file_noop
configure:6095: checking how to convert x86_64-unknown-linux-gnu file names to toolchain format
configure:6115: result: func_convert_file_noop
configure:6122: checking for /usr/bin/ld option to reload object files
configure:6129: result: -r
configure:6203: checking for objdump
configure:6219: found /usr/bin/objdump
configure:6230: result: objdump
configure:6262: checking how to recognize dependent libraries
configure:6462: result: pass_all
configure:6547: checking for dlltool
configure:6577: result: no
configure:6607: checking how to associate runtime and link libraries
configure:6634: result: printf %s\n
configure:6758: checking for archiver @FILE support
configure:6775: g++ -c -g -O2  conftest.cpp >&5
configure:6775: $? = 0
configure:6778: ar cru libconftest.a @conftest.lst >&5
ar: `u' modifier ignored since `D' is the default (see `U')
configure:6781: $? = 0
configure:6786: ar cru libconftest.a @conftest.lst >&5
ar: `u' modifier ignored since `D' is the default (see `U')
ar: conftest.o: No such file or directory
configure:6789: $? = 1
configure:6801: result: @
configure:6859: checking for strip
configure:6875: found /usr/bin/strip
configure:6886: result: strip
configure:6958: checking for ranlib
configure:6974: found /usr/bin/ranlib
configure:6985: result: ranlib
configure:7087: checking command to parse /usr/bin/nm -B output from gcc object
configure:7240: g++ -c -g -O2  conftest.cpp >&5
configure:7243: $? = 0
configure:7247: /usr/bin/nm -B conftest.o \| sed -n -e 's/^.*[ ]\([ABCDGIRSTW][ABCDGIRSTW]*\)[ ][ ]*\([_A-Za-z][_A-Za-z0-9]*\)$/\1 \2 \2/p' | sed '/ __gnu_lto/d' \> conftest.nm
configure:7250: $? = 0
configure:7316: g++ -o conftest -g -O2   conftest.cpp conftstm.o >&5
configure:7319: $? = 0
configure:7357: result: ok
configure:7404: checking for sysroot
configure:7434: result: no
configure:7441: checking for a working dd
configure:7479: result: /usr/bin/dd
configure:7483: checking how to truncate binary pipes
configure:7498: result: /usr/bin/dd bs=4096 count=1
configure:7634: g++ -c -g -O2  conftest.cpp >&5
configure:7637: $? = 0
configure:7827: checking for mt
configure:7843: found /usr/bin/mt
configure:7854: result: mt
configure:7877: checking if mt is a manifest tool
configure:7883: mt '-?'
configure:7891: result: no
configure:8568: checking how to run the C preprocessor
configure:8599: gcc -E  conftest.c
configure:8599: $? = 0
configure:8613: gcc -E  conftest.c
conftest.c:11:10: fatal error: ac_nonexistent.h: No such file or directory
   11 | #include <ac_nonexistent.h>
      |          ^~~~~~~~~~~~~~~~~~
compilation terminated.
configure:8613: $? = 1
configure: failed program was:
| /* confdefs.h */
| #define PACKAGE_NAME "XTide"
| #define PACKAGE_TARNAME "xtide"
| #define PACKAGE_VERSION "2.15.3"
| #define PACKAGE_STRING "XTide 2.15.3"
| #define PACKAGE_BUGREPORT "dave@flaterco.com"
| #define PACKAGE_URL ""
| #define PACKAGE "xtide"
| #define VERSION "2.15.3"
| /* end confdefs.h.  */
| #include <ac_nonexistent.h>
configure:8638: result: gcc -E
configure:8658: gcc -E  conftest.c
configure:8658: $? = 0
configure:8672: gcc -E  conftest.c
conftest.c:11:10: fatal error: ac_nonexistent.h: No such file or directory
   11 | #include <ac_nonexistent.h>
      |          ^~~~~~~~~~~~~~~~~~
compilation terminated.
configure:8672: $? = 1
configure: failed program was:
| /* confdefs.h */
| #define PACKAGE_NAME "XTide"
| #define PACKAGE_TARNAME "xtide"
| #define PACKAGE_VERSION "2.15.3"
| #define PACKAGE_STRING "XTide 2.15.3"
| #define PACKAGE_BUGREPORT "dave@flaterco.com"
| #define PACKAGE_URL ""
| #define PACKAGE "xtide"
| #define VERSION "2.15.3"
| /* end confdefs.h.  */
| #include <ac_nonexistent.h>
configure:8701: checking for ANSI C header files
configure:8721: gcc -c -g -O2  conftest.c >&5
configure:8721: $? = 0
configure:8794: gcc -o conftest -g -O2   conftest.c  >&5
configure:8794: $? = 0
configure:8794: ./conftest
configure:8794: $? = 0
configure:8805: result: yes
configure:8818: checking for sys/types.h
configure:8818: gcc -c -g -O2  conftest.c >&5
configure:8818: $? = 0
configure:8818: result: yes
configure:8818: checking for sys/stat.h
configure:8818: gcc -c -g -O2  conftest.c >&5
configure:8818: $? = 0
configure:8818: result: yes
configure:8818: checking for stdlib.h
configure:8818: gcc -c -g -O2  conftest.c >&5
configure:8818: $? = 0
configure:8818: result: yes
configure:8818: checking for string.h
configure:8818: gcc -c -g -O2  conftest.c >&5
configure:8818: $? = 0
configure:8818: result: yes
configure:8818: checking for memory.h
configure:8818: gcc -c -g -O2  conftest.c >&5
configure:8818: $? = 0
configure:8818: result: yes
configure:8818: checking for strings.h
configure:8818: gcc -c -g -O2  conftest.c >&5
configure:8818: $? = 0
configure:8818: result: yes
configure:8818: checking for inttypes.h
configure:8818: gcc -c -g -O2  conftest.c >&5
configure:8818: $? = 0
configure:8818: result: yes
configure:8818: checking for stdint.h
configure:8818: gcc -c -g -O2  conftest.c >&5
configure:8818: $? = 0
configure:8818: result: yes
configure:8818: checking for unistd.h
configure:8818: gcc -c -g -O2  conftest.c >&5
configure:8818: $? = 0
configure:8818: result: yes
configure:8832: checking for dlfcn.h
configure:8832: gcc -c -g -O2  conftest.c >&5
configure:8832: $? = 0
configure:8832: result: yes
configure:9098: checking for objdir
configure:9113: result: .libs
configure:9377: checking if gcc supports -fno-rtti -fno-exceptions
configure:9395: gcc -c -g -O2  -fno-rtti -fno-exceptions conftest.c >&5
cc1: warning: command-line option '-fno-rtti' is valid for C++/D/ObjC++ but not for C
configure:9399: $? = 0
configure:9412: result: no
configure:9770: checking for gcc option to produce PIC
configure:9777: result: -fPIC -DPIC
configure:9785: checking if gcc PIC flag -fPIC -DPIC works
configure:9803: gcc -c -g -O2  -fPIC -DPIC -DPIC conftest.c >&5
configure:9807: $? = 0
configure:9820: result: yes
configure:9849: checking if gcc static flag -static works
configure:9877: result: yes
configure:9892: checking if gcc supports -c -o file.o
configure:9913: gcc -c -g -O2  -o out/conftest2.o conftest.c >&5
configure:9917: $? = 0
configure:9939: result: yes
configure:9947: checking if gcc supports -c -o file.o
configure:9994: result: yes
configure:10027: checking whether the gcc linker (/usr/bin/ld -m elf_x86_64) supports shared libraries
configure:11286: result: yes
configure:11323: checking whether -lc should be explicitly linked in
configure:11331: gcc -c -g -O2  conftest.c >&5
configure:11334: $? = 0
configure:11349: gcc -shared  -fPIC -DPIC conftest.o  -v -Wl,-soname -Wl,conftest -o conftest 2\>\&1 \| /usr/bin/grep  -lc  \>/dev/null 2\>\&1
configure:11352: $? = 0
configure:11366: result: no
configure:11526: checking dynamic linker characteristics
configure:12107: gcc -o conftest -g -O2   -Wl,-rpath -Wl,/foo conftest.c  >&5
configure:12107: $? = 0
configure:12344: result: GNU/Linux ld.so
configure:12466: checking how to hardcode library paths into programs
configure:12491: result: immediate
configure:13039: checking whether stripping libraries is possible
configure:13044: result: yes
configure:13079: checking if libtool supports shared libraries
configure:13081: result: yes
configure:13084: checking whether to build shared libraries
configure:13109: result: yes
configure:13112: checking whether to build static libraries
configure:13116: result: yes
configure:13139: checking how to run the C++ preprocessor
configure:13166: g++ -E  conftest.cpp
configure:13166: $? = 0
configure:13180: g++ -E  conftest.cpp
conftest.cpp:23:10: fatal error: ac_nonexistent.h: No such file or directory
   23 | #include <ac_nonexistent.h>
      |          ^~~~~~~~~~~~~~~~~~
compilation terminated.
configure:13180: $? = 1
configure: failed program was:
| /* confdefs.h */
| #define PACKAGE_NAME "XTide"
| #define PACKAGE_TARNAME "xtide"
| #define PACKAGE_VERSION "2.15.3"
| #define PACKAGE_STRING "XTide 2.15.3"
| #define PACKAGE_BUGREPORT "dave@flaterco.com"
| #define PACKAGE_URL ""
| #define PACKAGE "xtide"
| #define VERSION "2.15.3"
| #define STDC_HEADERS 1
| #define HAVE_SYS_TYPES_H 1
| #define HAVE_SYS_STAT_H 1
| #define HAVE_STDLIB_H 1
| #define HAVE_STRING_H 1
| #define HAVE_MEMORY_H 1
| #define HAVE_STRINGS_H 1
| #define HAVE_INTTYPES_H 1
| #define HAVE_STDINT_H 1
| #define HAVE_UNISTD_H 1
| #define HAVE_DLFCN_H 1
| #define LT_OBJDIR ".libs/"
| /* end confdefs.h.  */
| #include <ac_nonexistent.h>
configure:13205: result: g++ -E
configure:13225: g++ -E  conftest.cpp
configure:13225: $? = 0
configure:13239: g++ -E  conftest.cpp
conftest.cpp:23:10: fatal error: ac_nonexistent.h: No such file or directory
   23 | #include <ac_nonexistent.h>
      |          ^~~~~~~~~~~~~~~~~~
compilation terminated.
configure:13239: $? = 1
configure: failed program was:
| /* confdefs.h */
| #define PACKAGE_NAME "XTide"
| #define PACKAGE_TARNAME "xtide"
| #define PACKAGE_VERSION "2.15.3"
| #define PACKAGE_STRING "XTide 2.15.3"
| #define PACKAGE_BUGREPORT "dave@flaterco.com"
| #define PACKAGE_URL ""
| #define PACKAGE "xtide"
| #define VERSION "2.15.3"
| #define STDC_HEADERS 1
| #define HAVE_SYS_TYPES_H 1
| #define HAVE_SYS_STAT_H 1
| #define HAVE_STDLIB_H 1
| #define HAVE_STRING_H 1
| #define HAVE_MEMORY_H 1
| #define HAVE_STRINGS_H 1
| #define HAVE_INTTYPES_H 1
| #define HAVE_STDINT_H 1
| #define HAVE_UNISTD_H 1
| #define HAVE_DLFCN_H 1
| #define LT_OBJDIR ".libs/"
| /* end confdefs.h.  */
| #include <ac_nonexistent.h>
configure:13401: checking for ld used by g++
configure:13468: result: /usr/bin/ld -m elf_x86_64
configure:13475: checking if the linker (/usr/bin/ld -m elf_x86_64) is GNU ld
configure:13490: result: yes
configure:13545: checking whether the g++ linker (/usr/bin/ld -m elf_x86_64) supports shared libraries
configure:14618: result: yes
configure:14654: g++ -c -g -O2  conftest.cpp >&5
configure:14657: $? = 0
configure:15138: checking for g++ option to produce PIC
configure:15145: result: -fPIC -DPIC
configure:15153: checking if g++ PIC flag -fPIC -DPIC works
configure:15171: g++ -c -g -O2  -fPIC -DPIC -DPIC conftest.cpp >&5
configure:15175: $? = 0
configure:15188: result: yes
configure:15211: checking if g++ static flag -static works
configure:15239: result: yes
configure:15251: checking if g++ supports -c -o file.o
configure:15272: g++ -c -g -O2  -o out/conftest2.o conftest.cpp >&5
configure:15276: $? = 0
configure:15298: result: yes
configure:15303: checking if g++ supports -c -o file.o
configure:15350: result: yes
configure:15380: checking whether the g++ linker (/usr/bin/ld -m elf_x86_64) supports shared libraries
configure:15420: result: yes
configure:15561: checking dynamic linker characteristics
configure:16306: result: GNU/Linux ld.so
configure:16371: checking how to hardcode library paths into programs
configure:16396: result: immediate
configure:16465: checking if using a version of GCC older than 4.4
configure:16479: g++ -E  conftest.cpp
configure:16479: $? = 0
configure:16481: result: no
configure:16503: checking if using GCC 4.5.0
configure:16515: g++ -E  conftest.cpp
configure:16515: $? = 0
configure:16517: result: no
configure:16538: checking if C++ compiler has an old GCC fault
configure:16549: g++ -c -g -O2  conftest.cpp >&5
configure:16549: $? = 0
configure:16551: result: no
configure:16568: checking vector usability
configure:16568: g++ -c -g -O2  conftest.cpp >&5
configure:16568: $? = 0
configure:16568: result: yes
configure:16568: checking vector presence
configure:16568: g++ -E  conftest.cpp
configure:16568: $? = 0
configure:16568: result: yes
configure:16568: checking for vector
configure:16568: result: yes
configure:16586: checking if C++ compiler can handle simple extended initializer lists
configure:16599: g++ -c -g -O2  conftest.cpp >&5
configure:16599: $? = 0
configure:16601: result: yes
configure:16676: checking if C++ compiler can handle complicated extended initializer lists
configure:16691: g++ -c -g -O2  conftest.cpp >&5
configure:16691: $? = 0
configure:16693: result: yes
configure:16744: checking if std::vector has an initializer_list constructor
configure:16761: g++ -c -g -O2  conftest.cpp >&5
configure:16761: $? = 0
configure:16763: result: yes
configure:16953: checking for X
configure:17061: g++ -E  conftest.cpp
configure:17061: $? = 0
configure:17092: g++ -o conftest -g -O2   conftest.cpp -lX11  -lm >&5
configure:17092: $? = 0
configure:17142: result: libraries , headers 
configure:17241: g++ -o conftest -g -O2   conftest.cpp  -lm  -lX11 >&5
configure:17241: $? = 0
configure:17339: checking for gethostbyname
configure:17339: g++ -o conftest -g -O2   conftest.cpp  -lm >&5
configure:17339: $? = 0
configure:17339: result: yes
configure:17436: checking for connect
configure:17436: g++ -o conftest -g -O2   conftest.cpp  -lm >&5
configure:17436: $? = 0
configure:17436: result: yes
configure:17485: checking for remove
configure:17485: g++ -o conftest -g -O2   conftest.cpp  -lm >&5
configure:17485: $? = 0
configure:17485: result: yes
configure:17534: checking for shmat
configure:17534: g++ -o conftest -g -O2   conftest.cpp  -lm >&5
configure:17534: $? = 0
configure:17534: result: yes
configure:17592: checking for IceConnectionNumber in -lICE
configure:17617: g++ -o conftest -g -O2   conftest.cpp -lICE   -lm >&5
configure:17617: $? = 0
configure:17626: result: yes
configure:17708: checking location of freetype2 headers
configure:17722: g++ -E  conftest.cpp
conftest.cpp:25:10: fatal error: ft2build.h: No such file or directory
   25 | #include <ft2build.h>
      |          ^~~~~~~~~~~~
compilation terminated.
configure:17722: $? = 1
configure: failed program was:
| /* confdefs.h */
| #define PACKAGE_NAME "XTide"
| #define PACKAGE_TARNAME "xtide"
| #define PACKAGE_VERSION "2.15.3"
| #define PACKAGE_STRING "XTide 2.15.3"
| #define PACKAGE_BUGREPORT "dave@flaterco.com"
| #define PACKAGE_URL ""
| #define PACKAGE "xtide"
| #define VERSION "2.15.3"
| #define STDC_HEADERS 1
| #define HAVE_SYS_TYPES_H 1
| #define HAVE_SYS_STAT_H 1
| #define HAVE_STDLIB_H 1
| #define HAVE_STRING_H 1
| #define HAVE_MEMORY_H 1
| #define HAVE_STRINGS_H 1
| #define HAVE_INTTYPES_H 1
| #define HAVE_STDINT_H 1
| #define HAVE_UNISTD_H 1
| #define HAVE_DLFCN_H 1
| #define LT_OBJDIR ".libs/"
| #define xttpd_user "nobody"
| #define xttpd_group "nobody"
| /* end confdefs.h.  */
| #include <ft2build.h>
| int
| main ()
| {
| 
|   ;
|   return 0;
| }
configure:17738: g++ -E -I/usr/include/freetype2  conftest.cpp
configure:17738: $? = 0
configure:17739: result: /usr/include/freetype2
configure:17754: checking for libXaw3dXft 1.6.2d or newer
configure:17771: g++ -E -I/usr/include/freetype2  conftest.cpp
configure:17771: $? = 0
configure:17772: result: yes
configure:17774: checking for Xaw3dXftDrawString in -lXaw3dxft
configure:17799: g++ -o conftest -g -O2 -I/usr/include/freetype2   conftest.cpp -lXaw3dxft -lXft -lXmu -lXt -lSM -lICE -lXext -lX11 -lXpm   -lm >&5
configure:17799: $? = 0
configure:17808: result: yes
configure:17811: Using libXaw3dXft for Athena Widgets.
configure:17957: checking type of third argument to accept()
configure:17973: g++ -c -g -O2  conftest.cpp >&5
configure:17973: $? = 0
configure:17977: result: socklen_t
configure:18018: checking zlib.h usability
configure:18018: g++ -c -g -O2  conftest.cpp >&5
configure:18018: $? = 0
configure:18018: result: yes
configure:18018: checking zlib.h presence
configure:18018: g++ -E  conftest.cpp
configure:18018: $? = 0
configure:18018: result: yes
configure:18018: checking for zlib.h
configure:18018: result: yes
configure:18026: checking for zlibVersion in -lz
configure:18051: g++ -o conftest -g -O2   conftest.cpp -lz   -lm >&5
configure:18051: $? = 0
configure:18060: result: yes
configure:18075: checking png.h usability
configure:18075: g++ -c -g -O2  conftest.cpp >&5
configure:18075: $? = 0
configure:18075: result: yes
configure:18075: checking png.h presence
configure:18075: g++ -E  conftest.cpp
configure:18075: $? = 0
configure:18075: result: yes
configure:18075: checking for png.h
configure:18075: result: yes
configure:18083: checking for png_sig_cmp in -lpng
configure:18108: g++ -o conftest -g -O2   conftest.cpp -lpng  -lz  -lm >&5
configure:18108: $? = 0
configure:18117: result: yes
configure:18132: checking tcd.h usability
configure:18132: g++ -c -g -O2  conftest.cpp >&5
configure:18132: $? = 0
configure:18132: result: yes
configure:18132: checking tcd.h presence
configure:18132: g++ -E  conftest.cpp
configure:18132: $? = 0
configure:18132: result: yes
configure:18132: checking for tcd.h
configure:18132: result: yes
configure:18140: checking for get_tide_db_header in -ltcd
configure:18165: g++ -o conftest -g -O2   conftest.cpp -ltcd  -lpng -lz  -lm >&5
configure:18165: $? = 0
configure:18174: result: yes
configure:18189: checking Dstr usability
configure:18189: g++ -c -g -O2  conftest.cpp >&5
conftest.cpp:65:10: fatal error: Dstr: No such file or directory
   65 | #include <Dstr>
      |          ^~~~~~
compilation terminated.
configure:18189: $? = 1
configure: failed program was:
| /* confdefs.h */
| #define PACKAGE_NAME "XTide"
| #define PACKAGE_TARNAME "xtide"
| #define PACKAGE_VERSION "2.15.3"
| #define PACKAGE_STRING "XTide 2.15.3"
| #define PACKAGE_BUGREPORT "dave@flaterco.com"
| #define PACKAGE_URL ""
| #define PACKAGE "xtide"
| #define VERSION "2.15.3"
| #define STDC_HEADERS 1
| #define HAVE_SYS_TYPES_H 1
| #define HAVE_SYS_STAT_H 1
| #define HAVE_STDLIB_H 1
| #define HAVE_STRING_H 1
| #define HAVE_MEMORY_H 1
| #define HAVE_STRINGS_H 1
| #define HAVE_INTTYPES_H 1
| #define HAVE_STDINT_H 1
| #define HAVE_UNISTD_H 1
| #define HAVE_DLFCN_H 1
| #define LT_OBJDIR ".libs/"
| #define xttpd_user "nobody"
| #define xttpd_group "nobody"
| #define HAVE_XAW3DXFT 1
| #define HAVE_XAW3D 1
| #define XAWPATH X11/Xaw3dxft
| #define acceptarg3_t socklen_t
| #define HAVE_LIBZ 1
| #define HAVE_LIBPNG 1
| #define HAVE_LIBTCD 1
| /* end confdefs.h.  */
| #include <stdio.h>
| #ifdef HAVE_SYS_TYPES_H
| # include <sys/types.h>
| #endif
| #ifdef HAVE_SYS_STAT_H
| # include <sys/stat.h>
| #endif
| #ifdef STDC_HEADERS
| # include <stdlib.h>
| # include <stddef.h>
| #else
| # ifdef HAVE_STDLIB_H
| #  include <stdlib.h>
| # endif
| #endif
| #ifdef HAVE_STRING_H
| # if !defined STDC_HEADERS && defined HAVE_MEMORY_H
| #  include <memory.h>
| # endif
| # include <string.h>
| #endif
| #ifdef HAVE_STRINGS_H
| # include <strings.h>
| #endif
| #ifdef HAVE_INTTYPES_H
| # include <inttypes.h>
| #endif
| #ifdef HAVE_STDINT_H
| # include <stdint.h>
| #endif
| #ifdef HAVE_UNISTD_H
| # include <unistd.h>
| #endif
| #include <Dstr>
configure:18189: result: no
configure:18189: checking Dstr presence
configure:18189: g++ -E  conftest.cpp
conftest.cpp:32:10: fatal error: Dstr: No such file or directory
   32 | #include <Dstr>
      |          ^~~~~~
compilation terminated.
configure:18189: $? = 1
configure: failed program was:
| /* confdefs.h */
| #define PACKAGE_NAME "XTide"
| #define PACKAGE_TARNAME "xtide"
| #define PACKAGE_VERSION "2.15.3"
| #define PACKAGE_STRING "XTide 2.15.3"
| #define PACKAGE_BUGREPORT "dave@flaterco.com"
| #define PACKAGE_URL ""
| #define PACKAGE "xtide"
| #define VERSION "2.15.3"
| #define STDC_HEADERS 1
| #define HAVE_SYS_TYPES_H 1
| #define HAVE_SYS_STAT_H 1
| #define HAVE_STDLIB_H 1
| #define HAVE_STRING_H 1
| #define HAVE_MEMORY_H 1
| #define HAVE_STRINGS_H 1
| #define HAVE_INTTYPES_H 1
| #define HAVE_STDINT_H 1
| #define HAVE_UNISTD_H 1
| #define HAVE_DLFCN_H 1
| #define LT_OBJDIR ".libs/"
| #define xttpd_user "nobody"
| #define xttpd_group "nobody"
| #define HAVE_XAW3DXFT 1
| #define HAVE_XAW3D 1
| #define XAWPATH X11/Xaw3dxft
| #define acceptarg3_t socklen_t
| #define HAVE_LIBZ 1
| #define HAVE_LIBPNG 1
| #define HAVE_LIBTCD 1
| /* end confdefs.h.  */
| #include <Dstr>
configure:18189: result: no
configure:18189: checking for Dstr
configure:18189: result: no
configure:18249: checking gps.h usability
configure:18249: g++ -c -g -O2  conftest.cpp >&5
conftest.cpp:65:10: fatal error: gps.h: No such file or directory
   65 | #include <gps.h>
      |          ^~~~~~~
compilation terminated.
configure:18249: $? = 1
configure: failed program was:
| /* confdefs.h */
| #define PACKAGE_NAME "XTide"
| #define PACKAGE_TARNAME "xtide"
| #define PACKAGE_VERSION "2.15.3"
| #define PACKAGE_STRING "XTide 2.15.3"
| #define PACKAGE_BUGREPORT "dave@flaterco.com"
| #define PACKAGE_URL ""
| #define PACKAGE "xtide"
| #define VERSION "2.15.3"
| #define STDC_HEADERS 1
| #define HAVE_SYS_TYPES_H 1
| #define HAVE_SYS_STAT_H 1
| #define HAVE_STDLIB_H 1
| #define HAVE_STRING_H 1
| #define HAVE_MEMORY_H 1
| #define HAVE_STRINGS_H 1
| #define HAVE_INTTYPES_H 1
| #define HAVE_STDINT_H 1
| #define HAVE_UNISTD_H 1
| #define HAVE_DLFCN_H 1
| #define LT_OBJDIR ".libs/"
| #define xttpd_user "nobody"
| #define xttpd_group "nobody"
| #define HAVE_XAW3DXFT 1
| #define HAVE_XAW3D 1
| #define XAWPATH X11/Xaw3dxft
| #define acceptarg3_t socklen_t
| #define HAVE_LIBZ 1
| #define HAVE_LIBPNG 1
| #define HAVE_LIBTCD 1
| /* end confdefs.h.  */
| #include <stdio.h>
| #ifdef HAVE_SYS_TYPES_H
| # include <sys/types.h>
| #endif
| #ifdef HAVE_SYS_STAT_H
| # include <sys/stat.h>
| #endif
| #ifdef STDC_HEADERS
| # include <stdlib.h>
| # include <stddef.h>
| #else
| # ifdef HAVE_STDLIB_H
| #  include <stdlib.h>
| # endif
| #endif
| #ifdef HAVE_STRING_H
| # if !defined STDC_HEADERS && defined HAVE_MEMORY_H
| #  include <memory.h>
| # endif
| # include <string.h>
| #endif
| #ifdef HAVE_STRINGS_H
| # include <strings.h>
| #endif
| #ifdef HAVE_INTTYPES_H
| # include <inttypes.h>
| #endif
| #ifdef HAVE_STDINT_H
| # include <stdint.h>
| #endif
| #ifdef HAVE_UNISTD_H
| # include <unistd.h>
| #endif
| #include <gps.h>
configure:18249: result: no
configure:18249: checking gps.h presence
configure:18249: g++ -E  conftest.cpp
conftest.cpp:32:10: fatal error: gps.h: No such file or directory
   32 | #include <gps.h>
      |          ^~~~~~~
compilation terminated.
configure:18249: $? = 1
configure: failed program was:
| /* confdefs.h */
| #define PACKAGE_NAME "XTide"
| #define PACKAGE_TARNAME "xtide"
| #define PACKAGE_VERSION "2.15.3"
| #define PACKAGE_STRING "XTide 2.15.3"
| #define PACKAGE_BUGREPORT "dave@flaterco.com"
| #define PACKAGE_URL ""
| #define PACKAGE "xtide"
| #define VERSION "2.15.3"
| #define STDC_HEADERS 1
| #define HAVE_SYS_TYPES_H 1
| #define HAVE_SYS_STAT_H 1
| #define HAVE_STDLIB_H 1
| #define HAVE_STRING_H 1
| #define HAVE_MEMORY_H 1
| #define HAVE_STRINGS_H 1
| #define HAVE_INTTYPES_H 1
| #define HAVE_STDINT_H 1
| #define HAVE_UNISTD_H 1
| #define HAVE_DLFCN_H 1
| #define LT_OBJDIR ".libs/"
| #define xttpd_user "nobody"
| #define xttpd_group "nobody"
| #define HAVE_XAW3DXFT 1
| #define HAVE_XAW3D 1
| #define XAWPATH X11/Xaw3dxft
| #define acceptarg3_t socklen_t
| #define HAVE_LIBZ 1
| #define HAVE_LIBPNG 1
| #define HAVE_LIBTCD 1
| /* end confdefs.h.  */
| #include <gps.h>
configure:18249: result: no
configure:18249: checking for gps.h
configure:18249: result: no
configure:18332: checking for int8_t
configure:18332: g++ -c -g -O2  conftest.cpp >&5
configure:18332: $? = 0
configure:18332: g++ -c -g -O2  conftest.cpp >&5
conftest.cpp: In function 'int main()':
conftest.cpp:70:56: error: narrowing conversion of '-1' from 'int' to 'long unsigned int' [-Wnarrowing]
   70 |    < (int8_t) (((((int8_t) 1 << N) << N) - 1) * 2 + 2))];
      |                                                        ^
conftest.cpp:69:26: error: size '-1' of array 'test_array' is negative
   69 | static int test_array [1 - 2 * !((int8_t) (((((int8_t) 1 << N) << N) - 1) * 2 + 1)
      |                        ~~^~~~~~~~~~~~~~~~~~~~~~~~~~~~~~~~~~~~~~~~~~~~~~~~~~~~~~~~~
   70 |    < (int8_t) (((((int8_t) 1 << N) << N) - 1) * 2 + 2))];
      |    ~~~~~~~~~~~~~~~~~~~~~~~~~~~~~~~~~~~~~~~~~~~~~~~~~~~~
configure:18332: $? = 1
configure: failed program was:
| /* confdefs.h */
| #define PACKAGE_NAME "XTide"
| #define PACKAGE_TARNAME "xtide"
| #define PACKAGE_VERSION "2.15.3"
| #define PACKAGE_STRING "XTide 2.15.3"
| #define PACKAGE_BUGREPORT "dave@flaterco.com"
| #define PACKAGE_URL ""
| #define PACKAGE "xtide"
| #define VERSION "2.15.3"
| #define STDC_HEADERS 1
| #define HAVE_SYS_TYPES_H 1
| #define HAVE_SYS_STAT_H 1
| #define HAVE_STDLIB_H 1
| #define HAVE_STRING_H 1
| #define HAVE_MEMORY_H 1
| #define HAVE_STRINGS_H 1
| #define HAVE_INTTYPES_H 1
| #define HAVE_STDINT_H 1
| #define HAVE_UNISTD_H 1
| #define HAVE_DLFCN_H 1
| #define LT_OBJDIR ".libs/"
| #define xttpd_user "nobody"
| #define xttpd_group "nobody"
| #define HAVE_XAW3DXFT 1
| #define HAVE_XAW3D 1
| #define XAWPATH X11/Xaw3dxft
| #define acceptarg3_t socklen_t
| #define HAVE_LIBZ 1
| #define HAVE_LIBPNG 1
| #define HAVE_LIBTCD 1
| /* end confdefs.h.  */
| #include <stdio.h>
| #ifdef HAVE_SYS_TYPES_H
| # include <sys/types.h>
| #endif
| #ifdef HAVE_SYS_STAT_H
| # include <sys/stat.h>
| #endif
| #ifdef STDC_HEADERS
| # include <stdlib.h>
| # include <stddef.h>
| #else
| # ifdef HAVE_STDLIB_H
| #  include <stdlib.h>
| # endif
| #endif
| #ifdef HAVE_STRING_H
| # if !defined STDC_HEADERS && defined HAVE_MEMORY_H
| #  include <memory.h>
| # endif
| # include <string.h>
| #endif
| #ifdef HAVE_STRINGS_H
| # include <strings.h>
| #endif
| #ifdef HAVE_INTTYPES_H
| # include <inttypes.h>
| #endif
| #ifdef HAVE_STDINT_H
| # include <stdint.h>
| #endif
| #ifdef HAVE_UNISTD_H
| # include <unistd.h>
| #endif
| 	        enum { N = 8 / 2 - 1 };
| int
| main ()
| {
| static int test_array [1 - 2 * !((int8_t) (((((int8_t) 1 << N) << N) - 1) * 2 + 1)
| 		 < (int8_t) (((((int8_t) 1 << N) << N) - 1) * 2 + 2))];
| test_array [0] = 0;
| return test_array [0];
| 
|   ;
|   return 0;
| }
configure:18332: result: yes
configure:18343: checking for int16_t
configure:18343: g++ -c -g -O2  conftest.cpp >&5
configure:18343: $? = 0
configure:18343: g++ -c -g -O2  conftest.cpp >&5
conftest.cpp: In function 'int main()':
conftest.cpp:70:58: error: narrowing conversion of '-1' from 'int' to 'long unsigned int' [-Wnarrowing]
   70 |    < (int16_t) (((((int16_t) 1 << N) << N) - 1) * 2 + 2))];
      |                                                          ^
conftest.cpp:69:26: error: size '-1' of array 'test_array' is negative
   69 | static int test_array [1 - 2 * !((int16_t) (((((int16_t) 1 << N) << N) - 1) * 2 + 1)
      |                        ~~^~~~~~~~~~~~~~~~~~~~~~~~~~~~~~~~~~~~~~~~~~~~~~~~~~~~~~~~~~~
   70 |    < (int16_t) (((((int16_t) 1 << N) << N) - 1) * 2 + 2))];
      |    ~~~~~~~~~~~~~~~~~~~~~~~~~~~~~~~~~~~~~~~~~~~~~~~~~~~~~~
configure:18343: $? = 1
configure: failed program was:
| /* confdefs.h */
| #define PACKAGE_NAME "XTide"
| #define PACKAGE_TARNAME "xtide"
| #define PACKAGE_VERSION "2.15.3"
| #define PACKAGE_STRING "XTide 2.15.3"
| #define PACKAGE_BUGREPORT "dave@flaterco.com"
| #define PACKAGE_URL ""
| #define PACKAGE "xtide"
| #define VERSION "2.15.3"
| #define STDC_HEADERS 1
| #define HAVE_SYS_TYPES_H 1
| #define HAVE_SYS_STAT_H 1
| #define HAVE_STDLIB_H 1
| #define HAVE_STRING_H 1
| #define HAVE_MEMORY_H 1
| #define HAVE_STRINGS_H 1
| #define HAVE_INTTYPES_H 1
| #define HAVE_STDINT_H 1
| #define HAVE_UNISTD_H 1
| #define HAVE_DLFCN_H 1
| #define LT_OBJDIR ".libs/"
| #define xttpd_user "nobody"
| #define xttpd_group "nobody"
| #define HAVE_XAW3DXFT 1
| #define HAVE_XAW3D 1
| #define XAWPATH X11/Xaw3dxft
| #define acceptarg3_t socklen_t
| #define HAVE_LIBZ 1
| #define HAVE_LIBPNG 1
| #define HAVE_LIBTCD 1
| /* end confdefs.h.  */
| #include <stdio.h>
| #ifdef HAVE_SYS_TYPES_H
| # include <sys/types.h>
| #endif
| #ifdef HAVE_SYS_STAT_H
| # include <sys/stat.h>
| #endif
| #ifdef STDC_HEADERS
| # include <stdlib.h>
| # include <stddef.h>
| #else
| # ifdef HAVE_STDLIB_H
| #  include <stdlib.h>
| # endif
| #endif
| #ifdef HAVE_STRING_H
| # if !defined STDC_HEADERS && defined HAVE_MEMORY_H
| #  include <memory.h>
| # endif
| # include <string.h>
| #endif
| #ifdef HAVE_STRINGS_H
| # include <strings.h>
| #endif
| #ifdef HAVE_INTTYPES_H
| # include <inttypes.h>
| #endif
| #ifdef HAVE_STDINT_H
| # include <stdint.h>
| #endif
| #ifdef HAVE_UNISTD_H
| # include <unistd.h>
| #endif
| 	        enum { N = 16 / 2 - 1 };
| int
| main ()
| {
| static int test_array [1 - 2 * !((int16_t) (((((int16_t) 1 << N) << N) - 1) * 2 + 1)
| 		 < (int16_t) (((((int16_t) 1 << N) << N) - 1) * 2 + 2))];
| test_array [0] = 0;
| return test_array [0];
| 
|   ;
|   return 0;
| }
configure:18343: result: yes
configure:18354: checking for int32_t
configure:18354: g++ -c -g -O2  conftest.cpp >&5
configure:18354: $? = 0
configure:18354: g++ -c -g -O2  conftest.cpp >&5
conftest.cpp: In function 'int main()':
conftest.cpp:70:53: warning: integer overflow in expression of type 'int32_t' {aka 'int'} results in '-2147483648' [-Woverflow]
   70 |    < (int32_t) (((((int32_t) 1 << N) << N) - 1) * 2 + 2))];
      |                 ~~~~~~~~~~~~~~~~~~~~~~~~~~~~~~~~~~~~^~~
conftest.cpp:69:26: error: size '-1' of array 'test_array' is negative
   69 | static int test_array [1 - 2 * !((int32_t) (((((int32_t) 1 << N) << N) - 1) * 2 + 1)
      |                        ~~^~~~~~~~~~~~~~~~~~~~~~~~~~~~~~~~~~~~~~~~~~~~~~~~~~~~~~~~~~~
   70 |    < (int32_t) (((((int32_t) 1 << N) << N) - 1) * 2 + 2))];
      |    ~~~~~~~~~~~~~~~~~~~~~~~~~~~~~~~~~~~~~~~~~~~~~~~~~~~~~~
configure:18354: $? = 1
configure: failed program was:
| /* confdefs.h */
| #define PACKAGE_NAME "XTide"
| #define PACKAGE_TARNAME "xtide"
| #define PACKAGE_VERSION "2.15.3"
| #define PACKAGE_STRING "XTide 2.15.3"
| #define PACKAGE_BUGREPORT "dave@flaterco.com"
| #define PACKAGE_URL ""
| #define PACKAGE "xtide"
| #define VERSION "2.15.3"
| #define STDC_HEADERS 1
| #define HAVE_SYS_TYPES_H 1
| #define HAVE_SYS_STAT_H 1
| #define HAVE_STDLIB_H 1
| #define HAVE_STRING_H 1
| #define HAVE_MEMORY_H 1
| #define HAVE_STRINGS_H 1
| #define HAVE_INTTYPES_H 1
| #define HAVE_STDINT_H 1
| #define HAVE_UNISTD_H 1
| #define HAVE_DLFCN_H 1
| #define LT_OBJDIR ".libs/"
| #define xttpd_user "nobody"
| #define xttpd_group "nobody"
| #define HAVE_XAW3DXFT 1
| #define HAVE_XAW3D 1
| #define XAWPATH X11/Xaw3dxft
| #define acceptarg3_t socklen_t
| #define HAVE_LIBZ 1
| #define HAVE_LIBPNG 1
| #define HAVE_LIBTCD 1
| /* end confdefs.h.  */
| #include <stdio.h>
| #ifdef HAVE_SYS_TYPES_H
| # include <sys/types.h>
| #endif
| #ifdef HAVE_SYS_STAT_H
| # include <sys/stat.h>
| #endif
| #ifdef STDC_HEADERS
| # include <stdlib.h>
| # include <stddef.h>
| #else
| # ifdef HAVE_STDLIB_H
| #  include <stdlib.h>
| # endif
| #endif
| #ifdef HAVE_STRING_H
| # if !defined STDC_HEADERS && defined HAVE_MEMORY_H
| #  include <memory.h>
| # endif
| # include <string.h>
| #endif
| #ifdef HAVE_STRINGS_H
| # include <strings.h>
| #endif
| #ifdef HAVE_INTTYPES_H
| # include <inttypes.h>
| #endif
| #ifdef HAVE_STDINT_H
| # include <stdint.h>
| #endif
| #ifdef HAVE_UNISTD_H
| # include <unistd.h>
| #endif
| 	        enum { N = 32 / 2 - 1 };
| int
| main ()
| {
| static int test_array [1 - 2 * !((int32_t) (((((int32_t) 1 << N) << N) - 1) * 2 + 1)
| 		 < (int32_t) (((((int32_t) 1 << N) << N) - 1) * 2 + 2))];
| test_array [0] = 0;
| return test_array [0];
| 
|   ;
|   return 0;
| }
configure:18354: result: yes
configure:18365: checking for int64_t
configure:18365: g++ -c -g -O2  conftest.cpp >&5
configure:18365: $? = 0
configure:18365: g++ -c -g -O2  conftest.cpp >&5
conftest.cpp: In function 'int main()':
conftest.cpp:70:53: warning: integer overflow in expression of type 'int64_t' {aka 'long int'} results in '-9223372036854775808' [-Woverflow]
   70 |    < (int64_t) (((((int64_t) 1 << N) << N) - 1) * 2 + 2))];
      |                 ~~~~~~~~~~~~~~~~~~~~~~~~~~~~~~~~~~~~^~~
conftest.cpp:69:26: error: size '-1' of array 'test_array' is negative
   69 | static int test_array [1 - 2 * !((int64_t) (((((int64_t) 1 << N) << N) - 1) * 2 + 1)
      |                        ~~^~~~~~~~~~~~~~~~~~~~~~~~~~~~~~~~~~~~~~~~~~~~~~~~~~~~~~~~~~~
   70 |    < (int64_t) (((((int64_t) 1 << N) << N) - 1) * 2 + 2))];
      |    ~~~~~~~~~~~~~~~~~~~~~~~~~~~~~~~~~~~~~~~~~~~~~~~~~~~~~~
configure:18365: $? = 1
configure: failed program was:
| /* confdefs.h */
| #define PACKAGE_NAME "XTide"
| #define PACKAGE_TARNAME "xtide"
| #define PACKAGE_VERSION "2.15.3"
| #define PACKAGE_STRING "XTide 2.15.3"
| #define PACKAGE_BUGREPORT "dave@flaterco.com"
| #define PACKAGE_URL ""
| #define PACKAGE "xtide"
| #define VERSION "2.15.3"
| #define STDC_HEADERS 1
| #define HAVE_SYS_TYPES_H 1
| #define HAVE_SYS_STAT_H 1
| #define HAVE_STDLIB_H 1
| #define HAVE_STRING_H 1
| #define HAVE_MEMORY_H 1
| #define HAVE_STRINGS_H 1
| #define HAVE_INTTYPES_H 1
| #define HAVE_STDINT_H 1
| #define HAVE_UNISTD_H 1
| #define HAVE_DLFCN_H 1
| #define LT_OBJDIR ".libs/"
| #define xttpd_user "nobody"
| #define xttpd_group "nobody"
| #define HAVE_XAW3DXFT 1
| #define HAVE_XAW3D 1
| #define XAWPATH X11/Xaw3dxft
| #define acceptarg3_t socklen_t
| #define HAVE_LIBZ 1
| #define HAVE_LIBPNG 1
| #define HAVE_LIBTCD 1
| /* end confdefs.h.  */
| #include <stdio.h>
| #ifdef HAVE_SYS_TYPES_H
| # include <sys/types.h>
| #endif
| #ifdef HAVE_SYS_STAT_H
| # include <sys/stat.h>
| #endif
| #ifdef STDC_HEADERS
| # include <stdlib.h>
| # include <stddef.h>
| #else
| # ifdef HAVE_STDLIB_H
| #  include <stdlib.h>
| # endif
| #endif
| #ifdef HAVE_STRING_H
| # if !defined STDC_HEADERS && defined HAVE_MEMORY_H
| #  include <memory.h>
| # endif
| # include <string.h>
| #endif
| #ifdef HAVE_STRINGS_H
| # include <strings.h>
| #endif
| #ifdef HAVE_INTTYPES_H
| # include <inttypes.h>
| #endif
| #ifdef HAVE_STDINT_H
| # include <stdint.h>
| #endif
| #ifdef HAVE_UNISTD_H
| # include <unistd.h>
| #endif
| 	        enum { N = 64 / 2 - 1 };
| int
| main ()
| {
| static int test_array [1 - 2 * !((int64_t) (((((int64_t) 1 << N) << N) - 1) * 2 + 1)
| 		 < (int64_t) (((((int64_t) 1 << N) << N) - 1) * 2 + 2))];
| test_array [0] = 0;
| return test_array [0];
| 
|   ;
|   return 0;
| }
configure:18365: result: yes
configure:18377: checking for uint8_t
configure:18377: g++ -c -g -O2  conftest.cpp >&5
configure:18377: $? = 0
configure:18377: result: yes
configure:18391: checking for uint16_t
configure:18391: g++ -c -g -O2  conftest.cpp >&5
configure:18391: $? = 0
configure:18391: result: yes
configure:18403: checking for uint32_t
configure:18403: g++ -c -g -O2  conftest.cpp >&5
configure:18403: $? = 0
configure:18403: result: yes
configure:18417: checking for uint64_t
configure:18417: g++ -c -g -O2  conftest.cpp >&5
configure:18417: $? = 0
configure:18417: result: yes
configure:18437: checking syslog.h usability
configure:18437: g++ -c -g -O2  conftest.cpp >&5
configure:18437: $? = 0
configure:18437: result: yes
configure:18437: checking syslog.h presence
configure:18437: g++ -E  conftest.cpp
configure:18437: $? = 0
configure:18437: result: yes
configure:18437: checking for syslog.h
configure:18437: result: yes
configure:18437: checking langinfo.h usability
configure:18437: g++ -c -g -O2  conftest.cpp >&5
configure:18437: $? = 0
configure:18437: result: yes
configure:18437: checking langinfo.h presence
configure:18437: g++ -E  conftest.cpp
configure:18437: $? = 0
configure:18437: result: yes
configure:18437: checking for langinfo.h
configure:18437: result: yes
configure:18437: checking dirent.h usability
configure:18437: g++ -c -g -O2  conftest.cpp >&5
configure:18437: $? = 0
configure:18437: result: yes
configure:18437: checking dirent.h presence
configure:18437: g++ -E  conftest.cpp
configure:18437: $? = 0
configure:18437: result: yes
configure:18437: checking for dirent.h
configure:18437: result: yes
configure:18437: checking sys/resource.h usability
configure:18437: g++ -c -g -O2  conftest.cpp >&5
configure:18437: $? = 0
configure:18437: result: yes
configure:18437: checking sys/resource.h presence
configure:18437: g++ -E  conftest.cpp
configure:18437: $? = 0
configure:18437: result: yes
configure:18437: checking for sys/resource.h
configure:18437: result: yes
configure:18437: checking io.h usability
configure:18437: g++ -c -g -O2  conftest.cpp >&5
conftest.cpp:69:10: fatal error: io.h: No such file or directory
   69 | #include <io.h>
      |          ^~~~~~
compilation terminated.
configure:18437: $? = 1
configure: failed program was:
| /* confdefs.h */
| #define PACKAGE_NAME "XTide"
| #define PACKAGE_TARNAME "xtide"
| #define PACKAGE_VERSION "2.15.3"
| #define PACKAGE_STRING "XTide 2.15.3"
| #define PACKAGE_BUGREPORT "dave@flaterco.com"
| #define PACKAGE_URL ""
| #define PACKAGE "xtide"
| #define VERSION "2.15.3"
| #define STDC_HEADERS 1
| #define HAVE_SYS_TYPES_H 1
| #define HAVE_SYS_STAT_H 1
| #define HAVE_STDLIB_H 1
| #define HAVE_STRING_H 1
| #define HAVE_MEMORY_H 1
| #define HAVE_STRINGS_H 1
| #define HAVE_INTTYPES_H 1
| #define HAVE_STDINT_H 1
| #define HAVE_UNISTD_H 1
| #define HAVE_DLFCN_H 1
| #define LT_OBJDIR ".libs/"
| #define xttpd_user "nobody"
| #define xttpd_group "nobody"
| #define HAVE_XAW3DXFT 1
| #define HAVE_XAW3D 1
| #define XAWPATH X11/Xaw3dxft
| #define acceptarg3_t socklen_t
| #define HAVE_LIBZ 1
| #define HAVE_LIBPNG 1
| #define HAVE_LIBTCD 1
| #define HAVE_SYSLOG_H 1
| #define HAVE_LANGINFO_H 1
| #define HAVE_DIRENT_H 1
| #define HAVE_SYS_RESOURCE_H 1
| /* end confdefs.h.  */
| #include <stdio.h>
| #ifdef HAVE_SYS_TYPES_H
| # include <sys/types.h>
| #endif
| #ifdef HAVE_SYS_STAT_H
| # include <sys/stat.h>
| #endif
| #ifdef STDC_HEADERS
| # include <stdlib.h>
| # include <stddef.h>
| #else
| # ifdef HAVE_STDLIB_H
| #  include <stdlib.h>
| # endif
| #endif
| #ifdef HAVE_STRING_H
| # if !defined STDC_HEADERS && defined HAVE_MEMORY_H
| #  include <memory.h>
| # endif
| # include <string.h>
| #endif
| #ifdef HAVE_STRINGS_H
| # include <strings.h>
| #endif
| #ifdef HAVE_INTTYPES_H
| # include <inttypes.h>
| #endif
| #ifdef HAVE_STDINT_H
| # include <stdint.h>
| #endif
| #ifdef HAVE_UNISTD_H
| # include <unistd.h>
| #endif
| #include <io.h>
configure:18437: result: no
configure:18437: checking io.h presence
configure:18437: g++ -E  conftest.cpp
conftest.cpp:36:10: fatal error: io.h: No such file or directory
   36 | #include <io.h>
      |          ^~~~~~
compilation terminated.
configure:18437: $? = 1
configure: failed program was:
| /* confdefs.h */
| #define PACKAGE_NAME "XTide"
| #define PACKAGE_TARNAME "xtide"
| #define PACKAGE_VERSION "2.15.3"
| #define PACKAGE_STRING "XTide 2.15.3"
| #define PACKAGE_BUGREPORT "dave@flaterco.com"
| #define PACKAGE_URL ""
| #define PACKAGE "xtide"
| #define VERSION "2.15.3"
| #define STDC_HEADERS 1
| #define HAVE_SYS_TYPES_H 1
| #define HAVE_SYS_STAT_H 1
| #define HAVE_STDLIB_H 1
| #define HAVE_STRING_H 1
| #define HAVE_MEMORY_H 1
| #define HAVE_STRINGS_H 1
| #define HAVE_INTTYPES_H 1
| #define HAVE_STDINT_H 1
| #define HAVE_UNISTD_H 1
| #define HAVE_DLFCN_H 1
| #define LT_OBJDIR ".libs/"
| #define xttpd_user "nobody"
| #define xttpd_group "nobody"
| #define HAVE_XAW3DXFT 1
| #define HAVE_XAW3D 1
| #define XAWPATH X11/Xaw3dxft
| #define acceptarg3_t socklen_t
| #define HAVE_LIBZ 1
| #define HAVE_LIBPNG 1
| #define HAVE_LIBTCD 1
| #define HAVE_SYSLOG_H 1
| #define HAVE_LANGINFO_H 1
| #define HAVE_DIRENT_H 1
| #define HAVE_SYS_RESOURCE_H 1
| /* end confdefs.h.  */
| #include <io.h>
configure:18437: result: no
configure:18437: checking for io.h
configure:18437: result: no
configure:18437: checking process.h usability
configure:18437: g++ -c -g -O2  conftest.cpp >&5
conftest.cpp:69:10: fatal error: process.h: No such file or directory
   69 | #include <process.h>
      |          ^~~~~~~~~~~
compilation terminated.
configure:18437: $? = 1
configure: failed program was:
| /* confdefs.h */
| #define PACKAGE_NAME "XTide"
| #define PACKAGE_TARNAME "xtide"
| #define PACKAGE_VERSION "2.15.3"
| #define PACKAGE_STRING "XTide 2.15.3"
| #define PACKAGE_BUGREPORT "dave@flaterco.com"
| #define PACKAGE_URL ""
| #define PACKAGE "xtide"
| #define VERSION "2.15.3"
| #define STDC_HEADERS 1
| #define HAVE_SYS_TYPES_H 1
| #define HAVE_SYS_STAT_H 1
| #define HAVE_STDLIB_H 1
| #define HAVE_STRING_H 1
| #define HAVE_MEMORY_H 1
| #define HAVE_STRINGS_H 1
| #define HAVE_INTTYPES_H 1
| #define HAVE_STDINT_H 1
| #define HAVE_UNISTD_H 1
| #define HAVE_DLFCN_H 1
| #define LT_OBJDIR ".libs/"
| #define xttpd_user "nobody"
| #define xttpd_group "nobody"
| #define HAVE_XAW3DXFT 1
| #define HAVE_XAW3D 1
| #define XAWPATH X11/Xaw3dxft
| #define acceptarg3_t socklen_t
| #define HAVE_LIBZ 1
| #define HAVE_LIBPNG 1
| #define HAVE_LIBTCD 1
| #define HAVE_SYSLOG_H 1
| #define HAVE_LANGINFO_H 1
| #define HAVE_DIRENT_H 1
| #define HAVE_SYS_RESOURCE_H 1
| /* end confdefs.h.  */
| #include <stdio.h>
| #ifdef HAVE_SYS_TYPES_H
| # include <sys/types.h>
| #endif
| #ifdef HAVE_SYS_STAT_H
| # include <sys/stat.h>
| #endif
| #ifdef STDC_HEADERS
| # include <stdlib.h>
| # include <stddef.h>
| #else
| # ifdef HAVE_STDLIB_H
| #  include <stdlib.h>
| # endif
| #endif
| #ifdef HAVE_STRING_H
| # if !defined STDC_HEADERS && defined HAVE_MEMORY_H
| #  include <memory.h>
| # endif
| # include <string.h>
| #endif
| #ifdef HAVE_STRINGS_H
| # include <strings.h>
| #endif
| #ifdef HAVE_INTTYPES_H
| # include <inttypes.h>
| #endif
| #ifdef HAVE_STDINT_H
| # include <stdint.h>
| #endif
| #ifdef HAVE_UNISTD_H
| # include <unistd.h>
| #endif
| #include <process.h>
configure:18437: result: no
configure:18437: checking process.h presence
configure:18437: g++ -E  conftest.cpp
conftest.cpp:36:10: fatal error: process.h: No such file or directory
   36 | #include <process.h>
      |          ^~~~~~~~~~~
compilation terminated.
configure:18437: $? = 1
configure: failed program was:
| /* confdefs.h */
| #define PACKAGE_NAME "XTide"
| #define PACKAGE_TARNAME "xtide"
| #define PACKAGE_VERSION "2.15.3"
| #define PACKAGE_STRING "XTide 2.15.3"
| #define PACKAGE_BUGREPORT "dave@flaterco.com"
| #define PACKAGE_URL ""
| #define PACKAGE "xtide"
| #define VERSION "2.15.3"
| #define STDC_HEADERS 1
| #define HAVE_SYS_TYPES_H 1
| #define HAVE_SYS_STAT_H 1
| #define HAVE_STDLIB_H 1
| #define HAVE_STRING_H 1
| #define HAVE_MEMORY_H 1
| #define HAVE_STRINGS_H 1
| #define HAVE_INTTYPES_H 1
| #define HAVE_STDINT_H 1
| #define HAVE_UNISTD_H 1
| #define HAVE_DLFCN_H 1
| #define LT_OBJDIR ".libs/"
| #define xttpd_user "nobody"
| #define xttpd_group "nobody"
| #define HAVE_XAW3DXFT 1
| #define HAVE_XAW3D 1
| #define XAWPATH X11/Xaw3dxft
| #define acceptarg3_t socklen_t
| #define HAVE_LIBZ 1
| #define HAVE_LIBPNG 1
| #define HAVE_LIBTCD 1
| #define HAVE_SYSLOG_H 1
| #define HAVE_LANGINFO_H 1
| #define HAVE_DIRENT_H 1
| #define HAVE_SYS_RESOURCE_H 1
| /* end confdefs.h.  */
| #include <process.h>
configure:18437: result: no
configure:18437: checking for process.h
configure:18437: result: no
configure:18449: checking if #warning works
configure:18462: g++ -c -g -O2  conftest.cpp >&5
conftest.cpp:40:2: warning: #warning warning [-Wcpp]
   40 | #warning warning
      |  ^~~~~~~
configure:18462: $? = 0
configure:18463: result: yes
configure:18500: checking for either dirent or _finddata_t
configure:18520: g++ -c -g -O2  conftest.cpp >&5
configure:18520: $? = 0
configure:18521: result: yes
configure:18533: checking for llround
configure:18546: g++ -o conftest -g -O2   conftest.cpp -ltcd -lpng -lz  -lm >&5
configure:18546: $? = 0
configure:18547: result: yes
configure:18562: checking for strftime %l format
configure:18591: g++ -o conftest -g -O2   conftest.cpp -ltcd -lpng -lz  -lm >&5
configure:18591: $? = 0
configure:18591: ./conftest
configure:18591: $? = 0
configure:18592: result: yes
configure:18735: checking that generated files are newer than configure
configure:18741: result: done
configure:18776: creating ./config.status

## ---------------------- ##
## Running config.status. ##
## ---------------------- ##

This file was extended by XTide config.status 2.15.3, which was
generated by GNU Autoconf 2.69.  Invocation command line was

  CONFIG_FILES    = 
  CONFIG_HEADERS  = 
  CONFIG_LINKS    = 
  CONFIG_COMMANDS = 
  $ ./config.status 

on MSI

config.status:1184: creating Makefile
config.status:1184: creating scripts/systemd/xttpd.service
config.status:1184: creating libxtide/autoconf-defines.h
config.status:1413: executing depfiles commands
config.status:1413: executing libtool commands

## ---------------- ##
## Cache variables. ##
## ---------------- ##

ac_cv_build=x86_64-unknown-linux-gnu
ac_cv_c_compiler_gnu=yes
ac_cv_c_int16_t=yes
ac_cv_c_int32_t=yes
ac_cv_c_int64_t=yes
ac_cv_c_int8_t=yes
ac_cv_c_uint16_t=yes
ac_cv_c_uint32_t=yes
ac_cv_c_uint64_t=yes
ac_cv_c_uint8_t=yes
ac_cv_cxx_compiler_gnu=yes
ac_cv_env_CCC_set=
ac_cv_env_CCC_value=
ac_cv_env_CC_set=
ac_cv_env_CC_value=
ac_cv_env_CFLAGS_set=
ac_cv_env_CFLAGS_value=
ac_cv_env_CPPFLAGS_set=
ac_cv_env_CPPFLAGS_value=
ac_cv_env_CPP_set=
ac_cv_env_CPP_value=
ac_cv_env_CXXCPP_set=
ac_cv_env_CXXCPP_value=
ac_cv_env_CXXFLAGS_set=
ac_cv_env_CXXFLAGS_value=
ac_cv_env_CXX_set=
ac_cv_env_CXX_value=
ac_cv_env_LDFLAGS_set=
ac_cv_env_LDFLAGS_value=
ac_cv_env_LIBS_set=
ac_cv_env_LIBS_value=
ac_cv_env_LT_SYS_LIBRARY_PATH_set=
ac_cv_env_LT_SYS_LIBRARY_PATH_value=
ac_cv_env_XMKMF_set=
ac_cv_env_XMKMF_value=
ac_cv_env_YACC_set=
ac_cv_env_YACC_value=
ac_cv_env_YFLAGS_set=
ac_cv_env_YFLAGS_value=
ac_cv_env_build_alias_set=
ac_cv_env_build_alias_value=
ac_cv_env_host_alias_set=
ac_cv_env_host_alias_value=
ac_cv_env_target_alias_set=
ac_cv_env_target_alias_value=
ac_cv_func_connect=yes
ac_cv_func_gethostbyname=yes
ac_cv_func_remove=yes
ac_cv_func_shmat=yes
ac_cv_have_x='have_x=yes	ac_x_includes='\'''\''	ac_x_libraries='\'''\'''
ac_cv_header_Dstr=no
ac_cv_header_dirent_h=yes
ac_cv_header_dlfcn_h=yes
ac_cv_header_gps_h=no
ac_cv_header_inttypes_h=yes
ac_cv_header_io_h=no
ac_cv_header_langinfo_h=yes
ac_cv_header_memory_h=yes
ac_cv_header_png_h=yes
ac_cv_header_process_h=no
ac_cv_header_stdc=yes
ac_cv_header_stdint_h=yes
ac_cv_header_stdlib_h=yes
ac_cv_header_string_h=yes
ac_cv_header_strings_h=yes
ac_cv_header_sys_resource_h=yes
ac_cv_header_sys_stat_h=yes
ac_cv_header_sys_types_h=yes
ac_cv_header_syslog_h=yes
ac_cv_header_tcd_h=yes
ac_cv_header_unistd_h=yes
ac_cv_header_vector=yes
ac_cv_header_zlib_h=yes
ac_cv_host=x86_64-unknown-linux-gnu
ac_cv_lib_ICE_IceConnectionNumber=yes
ac_cv_lib_Xaw3dxft_Xaw3dXftDrawString=yes
ac_cv_lib_png_png_sig_cmp=yes
ac_cv_lib_tcd_get_tide_db_header=yes
ac_cv_lib_z_zlibVersion=yes
ac_cv_objext=o
ac_cv_path_EGREP='/usr/bin/grep -E'
ac_cv_path_FGREP='/usr/bin/grep -F'
ac_cv_path_GREP=/usr/bin/grep
ac_cv_path_SED=/usr/bin/sed
ac_cv_path_install='/usr/bin/install -c'
ac_cv_path_lt_DD=/usr/bin/dd
ac_cv_path_mkdir=/usr/bin/mkdir
ac_cv_prog_AWK=mawk
ac_cv_prog_CPP='gcc -E'
ac_cv_prog_CXXCPP='g++ -E'
ac_cv_prog_ac_ct_AR=ar
ac_cv_prog_ac_ct_CC=gcc
ac_cv_prog_ac_ct_CXX=g++
ac_cv_prog_ac_ct_MANIFEST_TOOL=mt
ac_cv_prog_ac_ct_OBJDUMP=objdump
ac_cv_prog_ac_ct_RANLIB=ranlib
ac_cv_prog_ac_ct_STRIP=strip
ac_cv_prog_cc_c89=
ac_cv_prog_cc_g=yes
ac_cv_prog_cxx_g=yes
ac_cv_prog_make_make_set=yes
am_cv_CC_dependencies_compiler_type=gcc3
am_cv_CXX_dependencies_compiler_type=gcc3
am_cv_ar_interface=ar
am_cv_make_support_nested_variables=yes
am_cv_prog_cc_c_o=yes
lt_cv_ar_at_file=@
lt_cv_archive_cmds_need_lc=no
lt_cv_deplibs_check_method=pass_all
lt_cv_file_magic_cmd='$MAGIC_CMD'
lt_cv_file_magic_test_file=
lt_cv_ld_reload_flag=-r
lt_cv_nm_interface='BSD nm'
lt_cv_objdir=.libs
lt_cv_path_LD=/usr/bin/ld
lt_cv_path_LDCXX='/usr/bin/ld -m elf_x86_64'
lt_cv_path_NM='/usr/bin/nm -B'
lt_cv_path_mainfest_tool=no
lt_cv_prog_compiler_c_o=yes
lt_cv_prog_compiler_c_o_CXX=yes
lt_cv_prog_compiler_pic='-fPIC -DPIC'
lt_cv_prog_compiler_pic_CXX='-fPIC -DPIC'
lt_cv_prog_compiler_pic_works=yes
lt_cv_prog_compiler_pic_works_CXX=yes
lt_cv_prog_compiler_rtti_exceptions=no
lt_cv_prog_compiler_static_works=yes
lt_cv_prog_compiler_static_works_CXX=yes
lt_cv_prog_gnu_ld=yes
lt_cv_prog_gnu_ldcxx=yes
lt_cv_sharedlib_from_linklib_cmd='printf %s\n'
lt_cv_shlibpath_overrides_runpath=yes
lt_cv_sys_global_symbol_pipe='sed -n -e '\''s/^.*[	 ]\([ABCDGIRSTW][ABCDGIRSTW]*\)[	 ][	 ]*\([_A-Za-z][_A-Za-z0-9]*\)$/\1 \2 \2/p'\'' | sed '\''/ __gnu_lto/d'\'''
lt_cv_sys_global_symbol_to_c_name_address='sed -n -e '\''s/^: \(.*\) .*$/  {"\1", (void *) 0},/p'\'' -e '\''s/^[ABCDGIRSTW][ABCDGIRSTW]* .* \(.*\)$/  {"\1", (void *) \&\1},/p'\'''
lt_cv_sys_global_symbol_to_c_name_address_lib_prefix='sed -n -e '\''s/^: \(.*\) .*$/  {"\1", (void *) 0},/p'\'' -e '\''s/^[ABCDGIRSTW][ABCDGIRSTW]* .* \(lib.*\)$/  {"\1", (void *) \&\1},/p'\'' -e '\''s/^[ABCDGIRSTW][ABCDGIRSTW]* .* \(.*\)$/  {"lib\1", (void *) \&\1},/p'\'''
lt_cv_sys_global_symbol_to_cdecl='sed -n -e '\''s/^T .* \(.*\)$/extern int \1();/p'\'' -e '\''s/^[ABCDGIRSTW][ABCDGIRSTW]* .* \(.*\)$/extern char \1;/p'\'''
lt_cv_sys_global_symbol_to_import=
lt_cv_sys_max_cmd_len=1572864
lt_cv_to_host_file_cmd=func_convert_file_noop
lt_cv_to_tool_file_cmd=func_convert_file_noop
lt_cv_truncate_bin='/usr/bin/dd bs=4096 count=1'

## ----------------- ##
## Output variables. ##
## ----------------- ##

ACLOCAL='${SHELL} /home/smonzon/xtide-project/xtide-2.15.3/missing aclocal-1.15'
ADDED_CPPFLAGS='-I/usr/include/freetype2 '
ADDED_CXXFLAGS=''
AMDEPBACKSLASH='\'
AMDEP_FALSE='#'
AMDEP_TRUE=''
AMTAR='$${TAR-tar}'
AM_BACKSLASH='\'
AM_DEFAULT_V='$(AM_DEFAULT_VERBOSITY)'
AM_DEFAULT_VERBOSITY='1'
AM_V='$(V)'
AR='ar'
AUTOCONF='${SHELL} /home/smonzon/xtide-project/xtide-2.15.3/missing autoconf'
AUTOHEADER='${SHELL} /home/smonzon/xtide-project/xtide-2.15.3/missing autoheader'
AUTOMAKE='${SHELL} /home/smonzon/xtide-project/xtide-2.15.3/missing automake-1.15'
AWK='mawk'
CC='gcc'
CCDEPMODE='depmode=gcc3'
CFLAGS='-g -O2'
CPP='gcc -E'
CPPFLAGS=''
CXX='g++'
CXXCPP='g++ -E'
CXXDEPMODE='depmode=gcc3'
CXXFLAGS='-g -O2'
CYGPATH_W='echo'
DEFS='-DHAVE_CONFIG_H'
DEPDIR='.deps'
DLLTOOL='false'
DSYMUTIL=''
DUMPBIN=''
ECHO_C=''
ECHO_N='-n'
ECHO_T=''
EGREP='/usr/bin/grep -E'
EXEEXT=''
FGREP='/usr/bin/grep -F'
GPSD_LIBS=''
GREP='/usr/bin/grep'
HAVE_X_FALSE='#'
HAVE_X_TRUE=''
INSTALL_DATA='${INSTALL} -m 644'
INSTALL_PROGRAM='${INSTALL}'
INSTALL_SCRIPT='${INSTALL}'
INSTALL_STRIP_PROGRAM='$(install_sh) -c -s'
LD='/usr/bin/ld -m elf_x86_64'
LDFLAGS=''
LEX='${SHELL} /home/smonzon/xtide-project/xtide-2.15.3/missing flex'
LEXLIB=''
LEX_OUTPUT_ROOT=''
LIBOBJS=''
LIBS='-ltcd -lpng -lz  -lm'
LIBTOOL='$(SHELL) $(top_builddir)/libtool'
LIPO=''
LN_S='ln -s'
LTLIBOBJS=''
LT_SYS_LIBRARY_PATH=''
MAKEINFO='${SHELL} /home/smonzon/xtide-project/xtide-2.15.3/missing makeinfo'
MANIFEST_TOOL=':'
MKDIR_P='/usr/bin/mkdir -p'
NM='/usr/bin/nm -B'
NMEDIT=''
NO_LIBDSTR_FALSE='#'
NO_LIBDSTR_TRUE=''
OBJDUMP='objdump'
OBJEXT='o'
OTOOL64=''
OTOOL=''
PACKAGE='xtide'
PACKAGE_BUGREPORT='dave@flaterco.com'
PACKAGE_NAME='XTide'
PACKAGE_STRING='XTide 2.15.3'
PACKAGE_TARNAME='xtide'
PACKAGE_URL=''
PACKAGE_VERSION='2.15.3'
PATH_SEPARATOR=':'
RANLIB='ranlib'
SBINDIR='/usr/local/sbin'
SED='/usr/bin/sed'
SET_MAKE=''
SHELL='/bin/bash'
STRIP='strip'
SYSTEMD_GROUP='nobody'
SYSTEMD_LIBS=''
SYSTEMD_USER='nobody'
VERSION='2.15.3'
XAW='Xaw3dxft -lXft'
XMKMF=''
X_CFLAGS=''
X_EXTRA_LIBS=''
X_LIBS=''
X_PRE_LIBS=' -lSM -lICE'
YACC='yacc'
YFLAGS=''
ac_ct_AR='ar'
ac_ct_CC='gcc'
ac_ct_CXX='g++'
ac_ct_DUMPBIN=''
am__EXEEXT_FALSE=''
am__EXEEXT_TRUE='#'
am__fastdepCC_FALSE='#'
am__fastdepCC_TRUE=''
am__fastdepCXX_FALSE='#'
am__fastdepCXX_TRUE=''
am__include='include'
am__isrc=''
am__leading_dot='.'
am__nodep='_no'
am__quote=''
am__tar='$${TAR-tar} chof - "$$tardir"'
am__untar='$${TAR-tar} xf -'
bindir='${exec_prefix}/bin'
build='x86_64-unknown-linux-gnu'
build_alias=''
build_cpu='x86_64'
build_os='linux-gnu'
build_vendor='unknown'
datadir='${datarootdir}'
datarootdir='${prefix}/share'
docdir='${datarootdir}/doc/${PACKAGE_TARNAME}'
dvidir='${docdir}'
exec_prefix='${prefix}'
host='x86_64-unknown-linux-gnu'
host_alias=''
host_cpu='x86_64'
host_os='linux-gnu'
host_vendor='unknown'
htmldir='${docdir}'
includedir='${prefix}/include'
infodir='${datarootdir}/info'
install_sh='${SHELL} /home/smonzon/xtide-project/xtide-2.15.3/install-sh'
libdir='${exec_prefix}/lib'
libexecdir='${exec_prefix}/libexec'
localedir='${datarootdir}/locale'
localstatedir='${prefix}/var'
mandir='${datarootdir}/man'
mkdir_p='$(MKDIR_P)'
oldincludedir='/usr/include'
pdfdir='${docdir}'
prefix='/usr/local'
program_transform_name='s,x,x,'
psdir='${docdir}'
sbindir='${exec_prefix}/sbin'
sharedstatedir='${prefix}/com'
sysconfdir='${prefix}/etc'
target_alias=''

## ----------- ##
## confdefs.h. ##
## ----------- ##

/* confdefs.h */
#define PACKAGE_NAME "XTide"
#define PACKAGE_TARNAME "xtide"
#define PACKAGE_VERSION "2.15.3"
#define PACKAGE_STRING "XTide 2.15.3"
#define PACKAGE_BUGREPORT "dave@flaterco.com"
#define PACKAGE_URL ""
#define PACKAGE "xtide"
#define VERSION "2.15.3"
#define STDC_HEADERS 1
#define HAVE_SYS_TYPES_H 1
#define HAVE_SYS_STAT_H 1
#define HAVE_STDLIB_H 1
#define HAVE_STRING_H 1
#define HAVE_MEMORY_H 1
#define HAVE_STRINGS_H 1
#define HAVE_INTTYPES_H 1
#define HAVE_STDINT_H 1
#define HAVE_UNISTD_H 1
#define HAVE_DLFCN_H 1
#define LT_OBJDIR ".libs/"
#define xttpd_user "nobody"
#define xttpd_group "nobody"
#define HAVE_XAW3DXFT 1
#define HAVE_XAW3D 1
#define XAWPATH X11/Xaw3dxft
#define acceptarg3_t socklen_t
#define HAVE_LIBZ 1
#define HAVE_LIBPNG 1
#define HAVE_LIBTCD 1
#define HAVE_SYSLOG_H 1
#define HAVE_LANGINFO_H 1
#define HAVE_DIRENT_H 1
#define HAVE_SYS_RESOURCE_H 1
#define HAVE_LLROUND 1
#define HAVE_GOOD_STRFTIME 1

configure: exit 0
